[13-Nov-2019 05:23:45 UTC] PHP Notice:  Undefined index: authorized in /var/www/html/tasks/common/auth.php on line 9
[13-Nov-2019 05:23:45 UTC] PHP Parse error:  syntax error, unexpected end of file, expecting elseif (T_ELSEIF) or else (T_ELSE) or endif (T_ENDIF) in /var/www/html/tasks/views/TasksList.php on line 97
[13-Nov-2019 05:25:05 UTC] PHP Notice:  Undefined index: authorized in /var/www/html/tasks/common/auth.php on line 9
[13-Nov-2019 05:25:05 UTC] PHP Notice:  Undefined index: authorized in /var/www/html/tasks/common/auth.php on line 9
[13-Nov-2019 07:05:28 UTC] PHP Fatal error:  Uncaught Error: Call to undefined method TasksController::updateTask() in /var/www/html/tasks/index.php:10
Stack trace:
#0 {main}
  thrown in /var/www/html/tasks/index.php on line 10
[13-Nov-2019 07:44:51 UTC] PHP Notice:  Undefined index: authorized in /var/www/html/tasks/common/auth.php on line 9
[13-Nov-2019 07:44:51 UTC] PHP Notice:  Undefined index: authorized in /var/www/html/tasks/common/auth.php on line 9
[13-Nov-2019 07:44:51 UTC] PHP Notice:  Undefined index: authorized in /var/www/html/tasks/common/auth.php on line 9
[13-Nov-2019 08:04:31 UTC] PHP Fatal error:  Uncaught Error: Class 'Task' not found in /var/www/html/tasks/controllers/TasksController.php:11
Stack trace:
#0 /var/www/html/tasks/index.php(9): TasksController->__construct()
#1 {main}
  thrown in /var/www/html/tasks/controllers/TasksController.php on line 11
[13-Nov-2019 08:04:36 UTC] PHP Fatal error:  Uncaught Error: Class 'Task' not found in /var/www/html/tasks/controllers/TasksController.php:11
Stack trace:
#0 /var/www/html/tasks/index.php(9): TasksController->__construct()
#1 {main}
  thrown in /var/www/html/tasks/controllers/TasksController.php on line 11
[13-Nov-2019 08:28:44 UTC] PHP Fatal error:  Uncaught Error: Class 'Task' not found in /var/www/html/tasks/controllers/TasksController.php:11
Stack trace:
#0 /var/www/html/tasks/index.php(9): TasksController->__construct()
#1 {main}
  thrown in /var/www/html/tasks/controllers/TasksController.php on line 11
[13-Nov-2019 08:29:47 UTC] PHP Fatal error:  Uncaught Error: Class 'Task' not found in /var/www/html/tasks/controllers/TasksController.php:11
Stack trace:
#0 /var/www/html/tasks/index.php(9): TasksController->__construct()
#1 {main}
  thrown in /var/www/html/tasks/controllers/TasksController.php on line 11
[13-Nov-2019 08:30:03 UTC] PHP Fatal error:  Uncaught Error: Class 'Task' not found in /var/www/html/tasks/controllers/TasksController.php:11
Stack trace:
#0 /var/www/html/tasks/index.php(9): TasksController->__construct()
#1 {main}
  thrown in /var/www/html/tasks/controllers/TasksController.php on line 11
[13-Nov-2019 09:57:43 UTC] PHP Notice:  Undefined index: authorized in /var/www/html/tasks/common/auth.php on line 9
[13-Nov-2019 09:57:43 UTC] PHP Notice:  Undefined index: authorized in /var/www/html/tasks/common/auth.php on line 9
[13-Nov-2019 09:57:43 UTC] PHP Notice:  Undefined index: authorized in /var/www/html/tasks/common/auth.php on line 9
[13-Nov-2019 09:57:47 UTC] PHP Notice:  Undefined index: authorized in /var/www/html/tasks/common/auth.php on line 9
[13-Nov-2019 09:57:47 UTC] PHP Notice:  Undefined index: authorized in /var/www/html/tasks/common/auth.php on line 9
[13-Nov-2019 09:57:47 UTC] PHP Notice:  Undefined index: authorized in /var/www/html/tasks/common/auth.php on line 9
[13-Nov-2019 09:58:02 UTC] PHP Notice:  Undefined index: user_name in /var/www/html/tasks/common/auth.php on line 19
[13-Nov-2019 09:58:06 UTC] PHP Notice:  Undefined index: user_name in /var/www/html/tasks/common/auth.php on line 19
[13-Nov-2019 09:58:08 UTC] PHP Notice:  Undefined index: user_name in /var/www/html/tasks/common/auth.php on line 19
[13-Nov-2019 09:58:09 UTC] PHP Notice:  Undefined index: user_name in /var/www/html/tasks/common/auth.php on line 19
